<?xml version="1.0" encoding="UTF-8"?>
<testsuite xmlns:xsi="http://www.w3.org/2001/XMLSchema-instance" xsi:noNamespaceSchemaLocation="https://maven.apache.org/surefire/maven-surefire-plugin/xsd/surefire-test-report.xsd" name="TestSuite" time="3,108.498" tests="3" errors="0" skipped="2" failures="1">
  <properties>
[...]
</properties>
  <testcase name="setUp" classname="Tests.secondTest" time="3,108.055">
    <failure message="An unknown server-side error occurred while processing the command. Original error: Unable to launch WebDriverAgent because of xcodebuild failure: &quot;xcodebuild failed with code 70&quot;. Make sure you follow the tutorial at https://github.com/appium/appium-xcuitest-driver/blob/master/docs/real-device-config.md. Try to remove the WebDriverAgentRunner application from the device if it is installed and reboot the device.&#10;Build info: version: &apos;3.9.1&apos;, revision: &apos;63f7b50&apos;, time: &apos;2018-02-07T22:25:02.294Z&apos;&#10;System info: host: &apos;Huseyins-MBP&apos;, ip: &apos;fe80:0:0:0:1071:67b0:ed91:667e%en0&apos;, os.name: &apos;Mac OS X&apos;, os.arch: &apos;x86_64&apos;, os.version: &apos;10.13.3&apos;, java.version: &apos;1.8.0_161&apos;&#10;Driver info: driver.version: IOSDriver&#10;remote stacktrace: UnknownError: An unknown server-side error occurred while processing the command. Original error: Unable to launch WebDriverAgent because of xcodebuild failure: &quot;xcodebuild failed with code 70&quot;. Make sure you follow the tutorial at https://github.com/appium/appium-xcuitest-driver/blob/master/docs/real-device-config.md. Try to remove the WebDriverAgentRunner application from the device if it is installed and reboot the device.&#10;    at getResponseForW3CError (/usr/local/lib/node_modules/appium/node_modules/appium-base-driver/lib/protocol/errors.js:800:13)&#10;    at asyncHandler$ (/usr/local/lib/node_modules/appium/node_modules/appium-base-driver/lib/protocol/protocol.js:355:37)&#10;    at tryCatch (/usr/local/lib/node_modules/appium/node_modules/babel-runtime/regenerator/runtime.js:67:40)&#10;    at GeneratorFunctionPrototype.invoke [as _invoke] (/usr/local/lib/node_modules/appium/node_modules/babel-runtime/regenerator/runtime.js:315:22)&#10;    at GeneratorFunctionPrototype.prototype.(anonymous function) [as next] (/usr/local/lib/node_modules/appium/node_modules/babel-runtime/regenerator/runtime.js:100:21)&#10;    at GeneratorFunctionPrototype.invoke (/usr/local/lib/node_modules/appium/node_modules/babel-runtime/regenerator/runtime.js:136:37)&#10;    at &lt;anonymous&gt;" type="org.openqa.selenium.WebDriverException"><![CDATA[org.openqa.selenium.WebDriverException: 
An unknown server-side error occurred while processing the command. Original error: Unable to launch WebDriverAgent because of xcodebuild failure: "xcodebuild failed with code 70". Make sure you follow the tutorial at https://github.com/appium/appium-xcuitest-driver/blob/master/docs/real-device-config.md. Try to remove the WebDriverAgentRunner application from the device if it is installed and reboot the device.
Build info: version: '3.9.1', revision: '63f7b50', time: '2018-02-07T22:25:02.294Z'
System info: host: 'Huseyins-MBP', ip: 'fe80:0:0:0:1071:67b0:ed91:667e%en0', os.name: 'Mac OS X', os.arch: 'x86_64', os.version: '10.13.3', java.version: '1.8.0_161'
Driver info: driver.version: IOSDriver
remote stacktrace: UnknownError: An unknown server-side error occurred while processing the command. Original error: Unable to launch WebDriverAgent because of xcodebuild failure: "xcodebuild failed with code 70". Make sure you follow the tutorial at https://github.com/appium/appium-xcuitest-driver/blob/master/docs/real-device-config.md. Try to remove the WebDriverAgentRunner application from the device if it is installed and reboot the device.
    at getResponseForW3CError (/usr/local/lib/node_modules/appium/node_modules/appium-base-driver/lib/protocol/errors.js:800:13)
    at asyncHandler$ (/usr/local/lib/node_modules/appium/node_modules/appium-base-driver/lib/protocol/protocol.js:355:37)
    at tryCatch (/usr/local/lib/node_modules/appium/node_modules/babel-runtime/regenerator/runtime.js:67:40)
    at GeneratorFunctionPrototype.invoke [as _invoke] (/usr/local/lib/node_modules/appium/node_modules/babel-runtime/regenerator/runtime.js:315:22)
    at GeneratorFunctionPrototype.prototype.(anonymous function) [as next] (/usr/local/lib/node_modules/appium/node_modules/babel-runtime/regenerator/runtime.js:100:21)
    at GeneratorFunctionPrototype.invoke (/usr/local/lib/node_modules/appium/node_modules/babel-runtime/regenerator/runtime.js:136:37)
    at <anonymous>
	at Tests.secondTest.setUp(secondTest.java:16)
]]></failure>
    <system-out><![CDATA[[Appium] Welcome to Appium v1.8.0-beta4
[Appium] Appium REST http interface listener started on 0.0.0.0:4723
[HTTP] --> GET /wd/hub/status
[HTTP] {}
[debug] [MJSONWP] Calling AppiumDriver.getStatus() with args: []
[debug] [MJSONWP] Responding to client with driver.getStatus() result: {"build":{"version":"1.8.0-beta4","revision":null}}
[HTTP] <-- GET /wd/hub/status 200 31 ms - 89
[HTTP] 
[Appium] Welcome to Appium v1.8.0-beta4
[Appium] Non-default server args:
[Appium]   port: 7265
[Appium]   loglevel: info
[Appium] Appium REST http interface listener started on 0.0.0.0:7265
[HTTP] --> GET /wd/hub/status
[HTTP] {}
[HTTP] <-- GET /wd/hub/status 200 25 ms - 89
[HTTP] 
[HTTP] --> POST /wd/hub/session
[HTTP] {"desiredCapabilities":{"automationName":"XCUITest","bundleId":"com.experitest.ExperiBank","deviceName":"iOS","platformName":"iOS","platformVersion":"11.2","udid":"ff0aa048ab936447e8c9eef7635be6a2f8928772","xcodeOrgId":"29PDGXQ299","xcodeSigningId":"iPhone Developer"},"capabilities":{"desiredCapabilities":{"automationName":"XCUITest","bundleId":"com.experitest.ExperiBank","deviceName":"iOS","platformName":"iOS","platformVersion":"11.2","udid":"ff0aa048ab936447e8c9eef7635be6a2f8928772","xcodeOrgId":"29PDGXQ299","xcodeSigningId":"iPhone Developer"},"firstMatch":[{"appium:automationName":"XCUITest","appium:bundleId":"com.experitest.ExperiBank","appium:deviceName":"iOS","platformName":"ios","appium:platformVersion":"11.2","appium:udid":"ff0aa048ab936447e8c9eef7635be6a2f8928772","appium:xcodeOrgId":"29PDGXQ299","appium:xcodeSigningId":"iPhone Developer"}]}}
[Appium] Creating new XCUITestDriver (v2.73.0) session
[Appium] Capabilities:
[Appium]   platformName: ios
[Appium]   automationName: XCUITest
[Appium]   bundleId: com.experitest.ExperiBank
[Appium]   deviceName: iOS
[Appium]   platformVersion: 11.2
[Appium]   udid: ff0aa048ab936447e8c9eef7635be6a2f8928772
[Appium]   xcodeOrgId: 29PDGXQ299
[Appium]   xcodeSigningId: iPhone Developer
[BaseDriver] Session created with session id: 47a22256-71b1-4312-bb88-3c02c28202ca
[XCUITest] Determining device to run tests on: udid: 'ff0aa048ab936447e8c9eef7635be6a2f8928772', real device: true
[XCUITest] Setting up real device
[XCUITest] Using WDA path: '/usr/local/lib/node_modules/appium/node_modules/appium-xcuitest-driver/WebDriverAgent'
[XCUITest] Using WDA agent: '/usr/local/lib/node_modules/appium/node_modules/appium-xcuitest-driver/WebDriverAgent/WebDriverAgent.xcodeproj'
[XCUITest] Launching WebDriverAgent on the device
[XCUITest] xcodebuild exited with code '70' and signal 'null'
[XCUITest] Shutting down sub-processes
[XCUITest] Shutting down iproxy process (pid 4638)
[XCUITest] Error: Unable to launch WebDriverAgent because of xcodebuild failure: "xcodebuild failed with code 70". Make sure you follow the tutorial at https://github.com/appium/appium-xcuitest-driver/blob/master/docs/real-device-config.md. Try to remove the WebDriverAgentRunner application from the device if it is installed and reboot the device.
[XCUITest]     at XCUITestDriver.quitAndUninstall$ (/usr/local/lib/node_modules/appium/node_modules/appium-xcuitest-driver/lib/driver.js:404:13)
[XCUITest]     at tryCatch (/usr/local/lib/node_modules/appium/node_modules/babel-runtime/regenerator/runtime.js:67:40)
[XCUITest]     at GeneratorFunctionPrototype.invoke [as _invoke] (/usr/local/lib/node_modules/appium/node_modules/babel-runtime/regenerator/runtime.js:315:22)
[XCUITest]     at GeneratorFunctionPrototype.prototype.(anonymous function) [as next] (/usr/local/lib/node_modules/appium/node_modules/babel-runtime/regenerator/runtime.js:100:21)
[XCUITest]     at GeneratorFunctionPrototype.invoke (/usr/local/lib/node_modules/appium/node_modules/babel-runtime/regenerator/runtime.js:136:37)
[XCUITest]     at <anonymous>
[W3C] Encountered internal error running command: Error: Unable to launch WebDriverAgent because of xcodebuild failure: "xcodebuild failed with code 70". Make sure you follow the tutorial at https://github.com/appium/appium-xcuitest-driver/blob/master/docs/real-device-config.md. Try to remove the WebDriverAgentRunner application from the device if it is installed and reboot the device.
[W3C]     at XCUITestDriver.quitAndUninstall$ (/usr/local/lib/node_modules/appium/node_modules/appium-xcuitest-driver/lib/driver.js:404:13)
[W3C]     at tryCatch (/usr/local/lib/node_modules/appium/node_modules/babel-runtime/regenerator/runtime.js:67:40)
[W3C]     at GeneratorFunctionPrototype.invoke [as _invoke] (/usr/local/lib/node_modules/appium/node_modules/babel-runtime/regenerator/runtime.js:315:22)
[W3C]     at GeneratorFunctionPrototype.prototype.(anonymous function) [as next] (/usr/local/lib/node_modules/appium/node_modules/babel-runtime/regenerator/runtime.js:100:21)
[W3C]     at GeneratorFunctionPrototype.invoke (/usr/local/lib/node_modules/appium/node_modules/babel-runtime/regenerator/runtime.js:136:37)
[W3C]     at <anonymous>
[HTTP] <-- POST /wd/hub/session 500 96150 ms - 1750
[HTTP] 
]]></system-out>
  </testcase>
  <testcase name="testUntitled" classname="Tests.secondTest" time="0">
    <skipped message="An unknown server-side error occurred while processing the command. Original error: Unable to launch WebDriverAgent because of xcodebuild failure: &quot;xcodebuild failed with code 70&quot;. Make sure you follow the tutorial at https://github.com/appium/appium-xcuitest-driver/blob/master/docs/real-device-config.md. Try to remove the WebDriverAgentRunner application from the device if it is installed and reboot the device.&#10;Build info: version: &apos;3.9.1&apos;, revision: &apos;63f7b50&apos;, time: &apos;2018-02-07T22:25:02.294Z&apos;&#10;System info: host: &apos;Huseyins-MBP&apos;, ip: &apos;fe80:0:0:0:1071:67b0:ed91:667e%en0&apos;, os.name: &apos;Mac OS X&apos;, os.arch: &apos;x86_64&apos;, os.version: &apos;10.13.3&apos;, java.version: &apos;1.8.0_161&apos;&#10;Driver info: driver.version: IOSDriver&#10;remote stacktrace: UnknownError: An unknown server-side error occurred while processing the command. Original error: Unable to launch WebDriverAgent because of xcodebuild failure: &quot;xcodebuild failed with code 70&quot;. Make sure you follow the tutorial at https://github.com/appium/appium-xcuitest-driver/blob/master/docs/real-device-config.md. Try to remove the WebDriverAgentRunner application from the device if it is installed and reboot the device.&#10;    at getResponseForW3CError (/usr/local/lib/node_modules/appium/node_modules/appium-base-driver/lib/protocol/errors.js:800:13)&#10;    at asyncHandler$ (/usr/local/lib/node_modules/appium/node_modules/appium-base-driver/lib/protocol/protocol.js:355:37)&#10;    at tryCatch (/usr/local/lib/node_modules/appium/node_modules/babel-runtime/regenerator/runtime.js:67:40)&#10;    at GeneratorFunctionPrototype.invoke [as _invoke] (/usr/local/lib/node_modules/appium/node_modules/babel-runtime/regenerator/runtime.js:315:22)&#10;    at GeneratorFunctionPrototype.prototype.(anonymous function) [as next] (/usr/local/lib/node_modules/appium/node_modules/babel-runtime/regenerator/runtime.js:100:21)&#10;    at GeneratorFunctionPrototype.invoke (/usr/local/lib/node_modules/appium/node_modules/babel-runtime/regenerator/runtime.js:136:37)&#10;    at &lt;anonymous&gt;"/>
  </testcase>
  <testcase name="tearDown" classname="Tests.secondTest" time="0">
    <skipped/>
  </testcase>
</testsuite>